commit ce2ebc0dfc9936896d873c5c5ad72fb2bcc4ef24
Author: Hunter DeGroot <hunterdegroot@gmail.com>
Date:   Wed Aug 6 22:30:12 2014 -0500

    fixed formatting

commit 044e46c38b86431bd80430cd876e6050988ea43b
Author: Hunter DeGroot <hunterdegroot@gmail.com>
Date:   Wed Aug 6 20:27:39 2014 -0500

    format issue

commit 05573b98237c3bb422e53a9c910bdf5a5718fca2
Author: Hunter DeGroot <hunterdegroot@gmail.com>
Date:   Wed Aug 6 20:17:02 2014 -0500

    minor mistake

commit 6671406b58e90867aef53b48f65f40f8564a811c
Author: Martin Eischeid <martye@cs.utexas.edu>
Date:   Wed Aug 6 12:42:07 2014 -0500

    Cleaning random remnants

commit 2bede00a2a36967e3cc96e11fbd26bc3f215ec69
Author: Martin Eischeid <martye@cs.utexas.edu>
Date:   Wed Aug 6 12:41:07 2014 -0500

    Removed randomized vertex descriptors

commit dcc556b249a3c03704e191a5fa6918c14b3465ab
Author: Hunter DeGroot <hunterdegroot@gmail.com>
Date:   Mon Aug 4 21:59:35 2014 -0500

    final push with log file

commit efd70a03176c70085b8960fb9954e5e2315bda5b
Author: Hunter DeGroot <hunterdegroot@gmail.com>
Date:   Mon Aug 4 21:58:21 2014 -0500

    doxyfile

commit b5c5ba3073e4756cb5b45b35c91c6d24087e72c5
Author: Hunter DeGroot <hunterdegroot@gmail.com>
Date:   Mon Aug 4 14:43:02 2014 -0500

    Hunter DeGroot's test/output

commit dc5fea84f8136d56a2f24d98981468b728597acb
Author: Hunter DeGroot <hunterdegroot@gmail.com>
Date:   Mon Aug 4 12:57:13 2014 -0500

    final code part

commit efb8cd118fac484367e09da853c2e50e8247d169
Author: Hunter DeGroot <hunterdegroot@gmail.com>
Date:   Fri Aug 1 13:59:42 2014 -0500

    works but needs to implement adjacency iteration

commit 38e6536dbc586005df7eb55390f03ac8b08ad537
Author: Hunter DeGroot <hunterdegroot@gmail.com>
Date:   Thu Jul 31 15:54:47 2014 -0500

    works except for iterators

commit 2e927f6ab2b4d46720d6caf0a0e9b5f8bd663952
Author: Hunter DeGroot <hunterdegroot@gmail.com>
Date:   Mon Jul 28 09:13:29 2014 -0500

    Skele files

commit d8f47a2f8bda97c488d0bf7ef4b2380dbd7c402d
Author: HunterDeGroot <hunterdegroot@gmail.com>
Date:   Mon Jul 28 09:07:16 2014 -0500

    Initial commit
